<?xml version="1.0" encoding="UTF-8"?>
<!-- Generated by org.testng.reporters.JUnitReportReporter -->
<testsuite hostname="Lenovo" failures="0" tests="3" name="shopersstack.functionaltestscrpit.Logintest" time="61.491" errors="0" timestamp="2024-05-18T15:26:59 IST" skipped="0">
  <testcase classname="shopersstack.functionaltestscrpit.Logintest" name="LoginTest" time="24.652"/>
  <system-out/>
  <testcase classname="shopersstack.functionaltestscrpit.Logintest" name="LoginTest" time="16.964"/>
  <system-out/>
  <testcase classname="shopersstack.functionaltestscrpit.Logintest" name="LoginTest" time="19.875"/>
  <system-out/>
</testsuite> <!-- shopersstack.functionaltestscrpit.Logintest -->
