<?xml version="1.0" encoding="UTF-8"?>
<!-- Generated by org.testng.reporters.JUnitReportReporter -->
<testsuite hostname="Lenovo" failures="0" tests="1" name="demo.Test" time="23.140" errors="0" timestamp="2024-06-02T16:25:30 IST" skipped="0">
  <testcase classname="demo.Test" name="test" time="23.140"/>
  <system-out/>
</testsuite> <!-- demo.Test -->
