<?xml version="1.0" encoding="UTF-8"?>
<!-- Generated by org.testng.reporters.JUnitReportReporter -->
<testsuite hostname="Lenovo" failures="0" tests="1" name="demo.Demotest" time="6.936" errors="0" timestamp="2024-06-02T16:15:43 IST" skipped="0">
  <testcase classname="demo.Demotest" name="demo" time="6.936"/>
  <system-out/>
</testsuite> <!-- demo.Demotest -->
